<!--(set_escape)-->
    html
<!--(end)-->
<!--(macro head)-->
<!DOCTYPE html>
<html lang="en">
<head>
<meta charset="UTF-8" />
<title>@!info.get("title", "Addison Arches")!@</title>
<link rel="stylesheet" href="/css/pure/base-min.css" />
<link rel="stylesheet" href="/css/pure/pure-min.css" media="screen" />
<link rel="stylesheet" href="/css/pure/grids-responsive-min.css" media="screen" />
<meta name="viewport" content="width=device-width, initial-scale=1" />
    <!--(if default("info['interval']", None) is not None)-->
    <meta http-equiv="refresh" content="@!info['interval']!@" />
    <!--(end)-->
</head>
<!--(end)-->
<!--(if exists("unittest"))-->
@!head(info=info)!@
<!--(end)-->
