<!--(set_escape)-->
    html
<!--(end)-->
<!--(include)-->head.html.prt<!--(end)-->
<!--(include)-->style.html.prt<!--(end)-->
<!--(include)-->items.html.prt<!--(end)-->
@!head(info=info)!@
<body>
@!style()!@
<h1 style="margin-left: 1em;">@! info["title"] !@</h1>
<div class="pure-g">
    <div class="pure-u-1-1 pure-u-sm-3-5">
        <h2 style="margin-left: 2em;">Inventory</h2>
    </div>
    <div class="pure-u-1-1 pure-u-sm-2-5">
    </div>
</div>
<div class="pure-g">
    <div class="pure-u-1-1 pure-u-sm-3-5">
    @!item_list(items=items)!@
    </div>
    <div class="pure-u-1-1 pure-u-sm-2-5">
    <nav><ul>
    <li><a class="pure-button local-nav"
        href="@! '/{}'.format(info['session']) !@">Exit</a>
    </li>
    </ul></nav>
    </div>
</div>
</body>
</html>

