<!--(set_escape)-->
    html
<!--(end)-->
<!--(macro item_list)-->
<ol class="local-items">
    <!--(for view in items)-->
    <li>
        <dl>
        <!--(for attr, val in zip(view.fields, view.obj))-->
        <dt>@! attr !@</dt>
        <dd>@! val !@</dd>
        <!--(end)-->
        <!--(if default("view.totals", False))-->
        <dt>total</dt>
        <dd>@! view.type !@</dd>
        <dd>@! view.totals[view.obj] !@</dd>
        <!--(end)-->
        </dl>
        <!--(for action in view.actions.values())-->
        <form class="pure-form"
        action="@!action.typ.format(*action.ref)!@"
        method="@!action.method!@">
        <fieldset style="">
            <!--(for param in action.parameters)-->
            <input
            name="@!param.name!@"
            value="@!default('param.values[0]', '')!@"
            placeholder="@!param.name if not param.values else param.values[0]!@"
            pattern="@!param.regex.pattern!@"
            $!'required="required"' if param.required else ''!$
            type="@!'hidden' if param.required == 'hidden' else 'text'!@"
            title="@!param.tip!@"
            style="width: 4em;"
            />
            <!--(end)-->
            <button class="pure-button pure-button-primary"
            type="submit" >@!action.name!@</button>
        </fieldset>
        </form>
        <!--(end)-->
    </li>
    <!--(end)-->
</ol>
<!--(end)-->
<!--(if exists("unittest"))-->
@!item_list(items=items)!@
<!--(end)-->
