<!--(set_escape)-->
    html
<!--(end)-->
<!--(macro nav_list)-->
<nav>
<ul>
    <!--(for view in nav)-->
        <!--(for action in view.actions.values())-->
        <li>
        <form action="@! action.typ.format(*action.ref) !@" method="post">
        <button style="width:16em;" type="submit" class="pure-button pure-button-primary">
        @!  view.obj.name !@</button>
        </form>
        </li>
        <!--(end)-->
    <!--(end)-->
</ul>
</nav>
<!--(end)-->
<!--(if exists("unittest"))-->
@!nav_list(nav=nav)!@
<!--(end)-->
