<!--(set_escape)-->
    html
<!--(end)-->
<!--(include)-->head.html.prt<!--(end)-->#!
<!--(include)-->style.html.prt<!--(end)-->#!
<!--(include)-->summary.html.prt<!--(end)-->#!
<!--(include)-->nav.html.prt<!--(end)-->#!
@!head(info=info)!@
<body>
@!style()!@
<h1 style="margin-left: 1em;">@! info["title"] !@</h1>
<div class="pure-g">
    <div class="pure-u-1-1 pure-u-sm-3-5">
        <h2 style="margin-left: 2em;">Location: @!  default("info['location'].name", "Loading...") !@</h2>
    </div>
    <div class="pure-u-1-1 pure-u-sm-2-5">
    </div>
</div>
<div class="pure-g">
    <div class="pure-u-1-1 pure-u-sm-3-5">
    @!summary_list(items=items)!@
    </div>
    <div class="pure-u-1-1 pure-u-sm-2-5">
    @!nav_list(nav=nav)!@
    </div>
</div>
</body>
</html>

