<!--(set_escape)-->
    html
<!--(end)-->
<!--(macro style)-->
<style>
h1, h2, h2 {
font-family: "Trebuchet MS", Helvetica, sans-serif;
color: #666666;
}

.local-nav {
width: 22em;
}

ol.local-items, nav ul {
list-style-type: none;
}

li {
background-color: clouds;
padding: 0.1em;
margin: 0em 0.3em 0em 0.6em;
}

li.item {
background-color: clouds;
border: 2px solid #BBBBBB;
border-radius: 0px 20px 15px 15px;
}

li.patter{
}

li.patter blockquote header::after{
content: ": ";
}

li.patter blockquote p::after{
content: close-quote;
}

li.patter blockquote p::before{
content: open-quote;
}

nav ul li {
border: 0px;
margin: 0.2em 1.0em 0.2em 0.6em;
padding: 0.3em;
}

ol.local-items dl dt {
display: none;
}

ol.local-items dl dd {
display:inline-block;
margin:0.2em;
}

ol.local-items form {
display:inline-block;
margin:0.2em;
}

</style>
<!--(end)-->
<!--(if exists("unittest"))-->
@!style()!@
<!--(end)-->
