<!--(set_escape)-->
    html
<!--(end)-->

<!--(macro action_list)-->
    <!--(if class_ in ("item", "drama"))-->
    <dl>
        <!--(for attr, val in zip(view.fields, view.obj))-->
            <!--(if attr in ("label",))-->
            <dt class="hide">@!attr!@</dt>
            <dd class="@!'{0}-{1}'.format(class_, attr)!@"><h3>@!val!@</h3></dd>
            <!--(elif val and attr in ("description", "text"))-->
            <dt class="hide">@!attr!@</dt>
            <dd class="@!'{0}-{1}'.format(class_, attr)!@">@!val.capitalize().rstrip('.') + '.'!@</dd>
            <!--(end)-->
        <!--(end)-->
        <!--(if default("view.totals", False))-->
        <dt>total</dt>
        <dd>@!view.totals[view.obj]!@</dd>
        <!--(end)-->
        <!--(for action in view.actions.values())-->
        <dd class="action">
        <form class="pure-form"
        action="@!action.typ.format(*action.ref)!@"
        method="@!action.method!@">
        <fieldset>
            <!--(for param in action.parameters)-->
                <!--(if not param.tip.endswith("."))-->
                <label>@!param.tip!@</label>
                <!--(end)-->
            <input
            name="@!param.name!@"
            value="@!default('param.values[0]', '')!@"
            placeholder="@!param.name if not param.values else param.values[0]!@"
            pattern="@!param.regex.pattern!@"
            $!'required="required"' if param.required else ''!$
            type="@!'hidden' if param.required == 'hidden' else 'text'!@"
            title="@!param.tip!@"
            style="width: 4em;"
            />
            <!--(end)-->
            <button class="pure-button pure-button-primary"
            type="submit" >@!action.name!@</button>
        </fieldset>
        </form></dd>
        <!--(end)-->
        </dl>
    <!--(end)-->
<!--(end)-->

<!--(macro block_quote)-->
    <!--(if class_ in ("patter",))-->
    <blockquote>
    <header>@!view.obj.actor[1]!@</header>
    <p>@!view.obj.text!@</p>
    </blockquote>
    <!--(end)-->
<!--(end)-->

<!--(macro figure_item)-->
    <!--(if class_ in ("tally", "alert", "drama"))-->
    <figure>
        $!default("'<p>You\\'ve got {0.units}{0.value} in the kitty.</p>'.format(view.obj)", "")!$
        $!default("'<p>{}</p>'.format(view.obj.text)", "")!$
        $!default("'<p>You\\'re in a {} mood.</p>'.format(view.obj.mood)", "")!$
    </figure>
    <!--(elif class_ in ("character", "tick"))-->
    <figure>
        $!default("'<p>{0.name} is nearby.</p>'.format(view.obj)", "")!$
        $!default("'<p>{}.</p>'.format(view.obj.value)", "")!$
    </figure>
    <!--(end)-->
<!--(end)-->

<!--(macro summary_list)-->
<ol class="local-summary">
    <!--(for view in items)-->
    $!setvar("class_", "view.type.lower()")!$
    <li class="@!class_!@">
        @!block_quote(class_=class_, view=view)!@
        @!figure_item(class_=class_, view=view)!@
        @!action_list(class_=class_, view=view)!@
    </li>
    <!--(end)-->
</ol>
<!--(end)-->

<!--(if exists("unittest"))-->
@!summary_list(items=items)!@
<!--(end)-->
