<!--(set_escape)-->
    html
<!--(end)-->
<!--(macro item_list)-->
<ol class="local-items">
    <!--(for view in items)-->
    $!setvar("class_", "view.type.lower()")!$
    <li class="@!class_!@">
        <dl>
        $!setvar("descr", "', '.join((view.obj.label, view.obj.description.lower())).strip('., ').capitalize()")!$
        <dt>@!descr!@</dt>
        <!--(for action in view.actions.values())-->
        <dd class="action">
        <form class="pure-form"
        action="@!action.typ.format(*action.ref)!@"
        method="@!action.method!@">
        <fieldset>
            <!--(for param in action.parameters)-->
                <!--(if not param.tip.endswith("."))-->
                <label>@!param.tip!@</label>
                <!--(end)-->
            <input
            name="@!param.name!@"
            value="@!default('param.values[0]', '')!@"
            placeholder="@!param.name if not param.values else param.values[0]!@"
            pattern="@!param.regex.pattern!@"
            $!'required="required"' if param.required else ''!$
            type="@!'hidden' if param.required == 'hidden' else 'text'!@"
            title="@!param.tip!@"
            style="width: 4em;"
            />
            <!--(end)-->
            <button class="pure-button pure-button-primary"
            type="submit" >@!action.name!@</button>
        </fieldset>
        </form></dd>
        <!--(end)-->
        </dl>
    </li>
    <!--(end)-->
</ol>
<!--(end)-->
<!--(if exists("unittest"))-->
@!item_list(items=items)!@
<!--(end)-->
